[2021-01-18 13:38:45,198] SEVERE {b7a.log.crash} - there are test failures 
java.lang.RuntimeException: there are test failures
	at org.ballerinalang.test.runtime.util.TesterinaUtils.executeTests(TesterinaUtils.java:78)
	at org.ballerinalang.test.runtime.Main.startTestSuit(Main.java:61)
	at org.ballerinalang.test.runtime.Main.main(Main.java:53)
 
[2021-01-19 10:44:57,494] SEVERE {b7a.log.crash} - there are test failures 
java.lang.RuntimeException: there are test failures
	at org.ballerinalang.test.runtime.util.TesterinaUtils.executeTests(TesterinaUtils.java:78)
	at org.ballerinalang.test.runtime.Main.startTestSuit(Main.java:61)
	at org.ballerinalang.test.runtime.Main.main(Main.java:53)
 
[2021-01-19 11:10:22,893] SEVERE {b7a.log.crash} - there are test failures 
java.lang.RuntimeException: there are test failures
	at org.ballerinalang.test.runtime.util.TesterinaUtils.executeTests(TesterinaUtils.java:78)
	at org.ballerinalang.test.runtime.Main.startTestSuit(Main.java:61)
	at org.ballerinalang.test.runtime.Main.main(Main.java:53)
 
[2021-01-19 11:21:01,860] SEVERE {b7a.log.crash} - there are test failures 
java.lang.RuntimeException: there are test failures
	at org.ballerinalang.test.runtime.util.TesterinaUtils.executeTests(TesterinaUtils.java:78)
	at org.ballerinalang.test.runtime.Main.startTestSuit(Main.java:61)
	at org.ballerinalang.test.runtime.Main.main(Main.java:53)
 
